0 info it worked if it ends with ok
1 verbose cli [ '/usr/local/bin/node', '/usr/local/bin/npm', 'run', 'dev' ]
2 info using npm@2.14.2
3 info using node@v4.0.0-nightly201509079cae65c510
4 verbose run-script [ 'predev', 'dev', 'postdev' ]
5 info predev kinderfloh-backend@1.0.0
6 info dev kinderfloh-backend@1.0.0
7 verbose unsafe-perm in lifecycle true
8 info kinderfloh-backend@1.0.0 Failed to exec dev script
9 verbose stack Error: kinderfloh-backend@1.0.0 dev: `tsx watch app.ts`
9 verbose stack spawn ENOENT
9 verbose stack     at ChildProcess.<anonymous> (/usr/local/lib/node_modules/npm/lib/utils/spawn.js:17:16)
9 verbose stack     at emitTwo (events.js:87:13)
9 verbose stack     at ChildProcess.emit (events.js:172:7)
9 verbose stack     at maybeClose (internal/child_process.js:817:16)
9 verbose stack     at Process.ChildProcess._handle.onexit (internal/child_process.js:211:5)
10 verbose pkgid kinderfloh-backend@1.0.0
11 verbose cwd /Users/georgehadly/ironhack/projects/kinderfloh-connect/kinderfloh-backend
12 error Darwin 21.6.0
13 error argv "/usr/local/bin/node" "/usr/local/bin/npm" "run" "dev"
14 error node v4.0.0-nightly201509079cae65c510
15 error npm  v2.14.2
16 error file sh
17 error code ELIFECYCLE
18 error errno ENOENT
19 error syscall spawn
20 error kinderfloh-backend@1.0.0 dev: `tsx watch app.ts`
20 error spawn ENOENT
21 error Failed at the kinderfloh-backend@1.0.0 dev script 'tsx watch app.ts'.
21 error This is most likely a problem with the kinderfloh-backend package,
21 error not with npm itself.
21 error Tell the author that this fails on your system:
21 error     tsx watch app.ts
21 error You can get their info via:
21 error     npm owner ls kinderfloh-backend
21 error There is likely additional logging output above.
22 verbose exit [ 1, true ]
